<?xml version="1.0" encoding="UTF-8"?>
<!-- Generated by org.testng.reporters.JUnitReportReporter -->
<testsuite hostname="LAPTOP-1TT2T9H6" failures="0" tests="1" name="com.hyr.Tests.FirstTest" time="16.693" errors="0" timestamp="2023-05-04T03:49:17 IST" skipped="0">
  <testcase classname="com.hyr.Tests.FirstTest" name="testGoogle" time="16.693"/>
  <system-out/>
</testsuite> <!-- com.hyr.Tests.FirstTest -->
