<?xml version="1.0" encoding="UTF-8"?>
<!-- Generated by org.testng.reporters.JUnitReportReporter -->
<testsuite hostname="LAPTOP-1TT2T9H6" failures="0" tests="1" name="TestClass" time="0.012" errors="0" timestamp="2023-05-04T01:23:41 IST" skipped="0">
  <testcase classname="TestClass" name="foo" time="0.012"/>
  <system-out/>
</testsuite> <!-- TestClass -->
