<?xml version="1.0" encoding="UTF-8"?>
<!-- Generated by org.testng.reporters.JUnitReportReporter -->
<testsuite hostname="LAPTOP-1TT2T9H6" failures="0" tests="2" name="com.hyr.Tests.FourTest" time="38.686" errors="0" timestamp="2023-05-04T03:49:17 IST" skipped="0">
  <testcase classname="com.hyr.Tests.FourTest" name="testWebkioskStudent" time="21.370"/>
  <system-out/>
  <testcase classname="com.hyr.Tests.FourTest" name="testWebkioskParent" time="17.316"/>
  <system-out/>
</testsuite> <!-- com.hyr.Tests.FourTest -->
